Determining if the pthread_create exist failed with the following output:
Change Dir: /home/tuofeichen/SLAM/MAV-Project/px4_ws/build/rgbd_slam/CMakeFiles/CMakeTmp

<<<<<<< HEAD
Run Build Command:"/usr/bin/make" "cmTC_dcc4f/fast"
/usr/bin/make -f CMakeFiles/cmTC_dcc4f.dir/build.make CMakeFiles/cmTC_dcc4f.dir/build
make[1]: Entering directory `/home/tuofeichen/SLAM/MAV-Project/px4_ws/build/rgbd_slam/CMakeFiles/CMakeTmp'
Building C object CMakeFiles/cmTC_dcc4f.dir/CheckSymbolExists.c.o
/usr/bin/cc    -o CMakeFiles/cmTC_dcc4f.dir/CheckSymbolExists.c.o   -c /home/tuofeichen/SLAM/MAV-Project/px4_ws/build/rgbd_slam/CMakeFiles/CMakeTmp/CheckSymbolExists.c
Linking C executable cmTC_dcc4f
/opt/cmake-3.3.2/bin/cmake -E cmake_link_script CMakeFiles/cmTC_dcc4f.dir/link.txt --verbose=1
/usr/bin/cc       CMakeFiles/cmTC_dcc4f.dir/CheckSymbolExists.c.o  -o cmTC_dcc4f -rdynamic 
CMakeFiles/cmTC_dcc4f.dir/CheckSymbolExists.c.o: In function `main':
CheckSymbolExists.c:(.text+0x16): undefined reference to `pthread_create'
collect2: error: ld returned 1 exit status
make[1]: *** [cmTC_dcc4f] Error 1
make[1]: Leaving directory `/home/tuofeichen/SLAM/MAV-Project/px4_ws/build/rgbd_slam/CMakeFiles/CMakeTmp'
make: *** [cmTC_dcc4f/fast] Error 2
=======
Run Build Command:/usr/bin/make "cmTryCompileExec3538771084/fast"
/usr/bin/make -f CMakeFiles/cmTryCompileExec3538771084.dir/build.make CMakeFiles/cmTryCompileExec3538771084.dir/build
make[1]: Entering directory `/home/odroid/MAV-Project/px4_ws/build/rgbd_slam/CMakeFiles/CMakeTmp'
/usr/bin/cmake -E cmake_progress_report /home/odroid/MAV-Project/px4_ws/build/rgbd_slam/CMakeFiles/CMakeTmp/CMakeFiles 1
Building C object CMakeFiles/cmTryCompileExec3538771084.dir/CheckSymbolExists.c.o
/usr/lib/ccache/cc    -o CMakeFiles/cmTryCompileExec3538771084.dir/CheckSymbolExists.c.o   -c /home/odroid/MAV-Project/px4_ws/build/rgbd_slam/CMakeFiles/CMakeTmp/CheckSymbolExists.c
Linking C executable cmTryCompileExec3538771084
/usr/bin/cmake -E cmake_link_script CMakeFiles/cmTryCompileExec3538771084.dir/link.txt --verbose=1
/usr/lib/ccache/cc       CMakeFiles/cmTryCompileExec3538771084.dir/CheckSymbolExists.c.o  -o cmTryCompileExec3538771084 -rdynamic 
CMakeFiles/cmTryCompileExec3538771084.dir/CheckSymbolExists.c.o: In function `main':
CheckSymbolExists.c:(.text+0xe): undefined reference to `pthread_create'
CheckSymbolExists.c:(.text+0x12): undefined reference to `pthread_create'
collect2: error: ld returned 1 exit status
make[1]: *** [cmTryCompileExec3538771084] Error 1
make[1]: Leaving directory `/home/odroid/MAV-Project/px4_ws/build/rgbd_slam/CMakeFiles/CMakeTmp'
make: *** [cmTryCompileExec3538771084/fast] Error 2
>>>>>>> add ros pub

File /home/tuofeichen/SLAM/MAV-Project/px4_ws/build/rgbd_slam/CMakeFiles/CMakeTmp/CheckSymbolExists.c:
/* */
#include <pthread.h>

int main(int argc, char** argv)
{
  (void)argv;
#ifndef pthread_create
  return ((int*)(&pthread_create))[argc];
#else
  (void)argc;
  return 0;
#endif
}

Determining if the function pthread_create exists in the pthreads failed with the following output:
Change Dir: /home/tuofeichen/SLAM/MAV-Project/px4_ws/build/rgbd_slam/CMakeFiles/CMakeTmp

<<<<<<< HEAD
Run Build Command:"/usr/bin/make" "cmTC_25012/fast"
/usr/bin/make -f CMakeFiles/cmTC_25012.dir/build.make CMakeFiles/cmTC_25012.dir/build
make[1]: Entering directory `/home/tuofeichen/SLAM/MAV-Project/px4_ws/build/rgbd_slam/CMakeFiles/CMakeTmp'
Building C object CMakeFiles/cmTC_25012.dir/CheckFunctionExists.c.o
/usr/bin/cc   -DCHECK_FUNCTION_EXISTS=pthread_create   -o CMakeFiles/cmTC_25012.dir/CheckFunctionExists.c.o   -c /opt/cmake-3.3.2/share/cmake-3.3/Modules/CheckFunctionExists.c
Linking C executable cmTC_25012
/opt/cmake-3.3.2/bin/cmake -E cmake_link_script CMakeFiles/cmTC_25012.dir/link.txt --verbose=1
/usr/bin/cc   -DCHECK_FUNCTION_EXISTS=pthread_create    CMakeFiles/cmTC_25012.dir/CheckFunctionExists.c.o  -o cmTC_25012 -rdynamic -lpthreads 
/usr/bin/ld: cannot find -lpthreads
collect2: error: ld returned 1 exit status
make[1]: *** [cmTC_25012] Error 1
make[1]: Leaving directory `/home/tuofeichen/SLAM/MAV-Project/px4_ws/build/rgbd_slam/CMakeFiles/CMakeTmp'
make: *** [cmTC_25012/fast] Error 2
=======
Run Build Command:/usr/bin/make "cmTryCompileExec953803851/fast"
/usr/bin/make -f CMakeFiles/cmTryCompileExec953803851.dir/build.make CMakeFiles/cmTryCompileExec953803851.dir/build
make[1]: Entering directory `/home/odroid/MAV-Project/px4_ws/build/rgbd_slam/CMakeFiles/CMakeTmp'
/usr/bin/cmake -E cmake_progress_report /home/odroid/MAV-Project/px4_ws/build/rgbd_slam/CMakeFiles/CMakeTmp/CMakeFiles 1
Building C object CMakeFiles/cmTryCompileExec953803851.dir/CheckFunctionExists.c.o
/usr/lib/ccache/cc   -DCHECK_FUNCTION_EXISTS=pthread_create   -o CMakeFiles/cmTryCompileExec953803851.dir/CheckFunctionExists.c.o   -c /usr/share/cmake-2.8/Modules/CheckFunctionExists.c
Linking C executable cmTryCompileExec953803851
/usr/bin/cmake -E cmake_link_script CMakeFiles/cmTryCompileExec953803851.dir/link.txt --verbose=1
/usr/lib/ccache/cc   -DCHECK_FUNCTION_EXISTS=pthread_create    CMakeFiles/cmTryCompileExec953803851.dir/CheckFunctionExists.c.o  -o cmTryCompileExec953803851 -rdynamic -lpthreads 
/usr/bin/ld: cannot find -lpthreads
collect2: error: ld returned 1 exit status
make[1]: *** [cmTryCompileExec953803851] Error 1
make[1]: Leaving directory `/home/odroid/MAV-Project/px4_ws/build/rgbd_slam/CMakeFiles/CMakeTmp'
make: *** [cmTryCompileExec953803851/fast] Error 2
>>>>>>> add ros pub


